Level:[error] LogTime: [22/11/2021] Message:-[Esto es un error log]
Level:[warn] LogTime: [22/11/2021] Message:-[Esto es un error log]
Level:[error] LogTime: [22/11/2021] Message:-[uncaughtException: listen EADDRINUSE: address already in use :::8000
Error: listen EADDRINUSE: address already in use :::8000
    at Server.setupListenHandle [as _listen2] (net.js:1331:16)
    at listenInCluster (net.js:1379:12)
    at Server.listen (net.js:1465:7)
    at Function.listen (/Users/guntherglahn/Desktop/Gunther/BACKEND/Challenge MERN stack/node_modules/express/lib/application.js:618:24)
    at file:///Users/guntherglahn/Desktop/Gunther/BACKEND/Challenge%20MERN%20stack/backend/server.js:62:5
    at ModuleJob.run (internal/modules/esm/module_job.js:183:25)
    at async Loader.import (internal/modules/esm/loader.js:178:24)
    at async Object.loadESM (internal/process/esm_loader.js:68:5)]
Level:[error] LogTime: [22/11/2021] Message:-[Esto es un error log]
Level:[warn] LogTime: [22/11/2021] Message:-[Esto es un error log]
Level:[error] LogTime: [22/11/2021] Message:-[Esto es un error log]
Level:[warn] LogTime: [22/11/2021] Message:-[Esto es un error log]
Level:[error] LogTime: [22/11/2021] Message:-[uncaughtException: write EPIPE
Error: write EPIPE
    at afterWriteDispatched (internal/stream_base_commons.js:156:25)
    at writeGeneric (internal/stream_base_commons.js:147:3)
    at Socket._writeGeneric (net.js:798:11)
    at Socket._write (net.js:810:8)
    at writeOrBuffer (internal/streams/writable.js:358:12)
    at Socket.Writable.write (internal/streams/writable.js:303:10)
    at Console.log (/Users/guntherglahn/Desktop/Gunther/BACKEND/Challenge MERN stack/node_modules/winston/lib/winston/transports/console.js:79:23)
    at Console._write (/Users/guntherglahn/Desktop/Gunther/BACKEND/Challenge MERN stack/node_modules/winston-transport/index.js:82:19)
    at doWrite (/Users/guntherglahn/Desktop/Gunther/BACKEND/Challenge MERN stack/node_modules/readable-stream/lib/_stream_writable.js:428:64)
    at writeOrBuffer (/Users/guntherglahn/Desktop/Gunther/BACKEND/Challenge MERN stack/node_modules/readable-stream/lib/_stream_writable.js:417:5)
    at Console.Writable.write (/Users/guntherglahn/Desktop/Gunther/BACKEND/Challenge MERN stack/node_modules/readable-stream/lib/_stream_writable.js:334:11)
    at DerivedLogger.ondata (/Users/guntherglahn/Desktop/Gunther/BACKEND/Challenge MERN stack/node_modules/winston/node_modules/readable-stream/lib/_stream_readable.js:681:20)
    at DerivedLogger.emit (events.js:412:35)
    at addChunk (/Users/guntherglahn/Desktop/Gunther/BACKEND/Challenge MERN stack/node_modules/winston/node_modules/readable-stream/lib/_stream_readable.js:298:12)
    at readableAddChunk (/Users/guntherglahn/Desktop/Gunther/BACKEND/Challenge MERN stack/node_modules/winston/node_modules/readable-stream/lib/_stream_readable.js:280:11)
    at DerivedLogger.Readable.push (/Users/guntherglahn/Desktop/Gunther/BACKEND/Challenge MERN stack/node_modules/winston/node_modules/readable-stream/lib/_stream_readable.js:241:10)]
Level:[error] LogTime: [22/11/2021] Message:-[uncaughtException: listen EADDRINUSE: address already in use :::8000
Error: listen EADDRINUSE: address already in use :::8000
    at Server.setupListenHandle [as _listen2] (net.js:1331:16)
    at listenInCluster (net.js:1379:12)
    at Server.listen (net.js:1465:7)
    at Function.listen (/Users/guntherglahn/Desktop/Gunther/BACKEND/Challenge MERN stack/node_modules/express/lib/application.js:618:24)
    at file:///Users/guntherglahn/Desktop/Gunther/BACKEND/Challenge%20MERN%20stack/backend/server.js:62:5
    at ModuleJob.run (internal/modules/esm/module_job.js:183:25)
    at async Loader.import (internal/modules/esm/loader.js:178:24)
    at async Object.loadESM (internal/process/esm_loader.js:68:5)]
Level:[error] LogTime: [22/11/2021] Message:-[Esto es un error log]
Level:[warn] LogTime: [22/11/2021] Message:-[Esto es un error log]
Level:[error] LogTime: [22/11/2021] Message:-[Esto es un error log]
Level:[warn] LogTime: [22/11/2021] Message:-[Esto es un error log]
Level:[error] LogTime: [22/11/2021] Message:-[uncaughtException: write EPIPE
Error: write EPIPE
    at afterWriteDispatched (internal/stream_base_commons.js:156:25)
    at writeGeneric (internal/stream_base_commons.js:147:3)
    at Socket._writeGeneric (net.js:798:11)
    at Socket._write (net.js:810:8)
    at writeOrBuffer (internal/streams/writable.js:358:12)
    at Socket.Writable.write (internal/streams/writable.js:303:10)
    at Console.log (/Users/guntherglahn/Desktop/Gunther/BACKEND/Challenge MERN stack/node_modules/winston/lib/winston/transports/console.js:79:23)
    at Console._write (/Users/guntherglahn/Desktop/Gunther/BACKEND/Challenge MERN stack/node_modules/winston-transport/index.js:82:19)
    at doWrite (/Users/guntherglahn/Desktop/Gunther/BACKEND/Challenge MERN stack/node_modules/readable-stream/lib/_stream_writable.js:428:64)
    at writeOrBuffer (/Users/guntherglahn/Desktop/Gunther/BACKEND/Challenge MERN stack/node_modules/readable-stream/lib/_stream_writable.js:417:5)
    at Console.Writable.write (/Users/guntherglahn/Desktop/Gunther/BACKEND/Challenge MERN stack/node_modules/readable-stream/lib/_stream_writable.js:334:11)
    at DerivedLogger.ondata (/Users/guntherglahn/Desktop/Gunther/BACKEND/Challenge MERN stack/node_modules/winston/node_modules/readable-stream/lib/_stream_readable.js:681:20)
    at DerivedLogger.emit (events.js:412:35)
    at addChunk (/Users/guntherglahn/Desktop/Gunther/BACKEND/Challenge MERN stack/node_modules/winston/node_modules/readable-stream/lib/_stream_readable.js:298:12)
    at readableAddChunk (/Users/guntherglahn/Desktop/Gunther/BACKEND/Challenge MERN stack/node_modules/winston/node_modules/readable-stream/lib/_stream_readable.js:280:11)
    at DerivedLogger.Readable.push (/Users/guntherglahn/Desktop/Gunther/BACKEND/Challenge MERN stack/node_modules/winston/node_modules/readable-stream/lib/_stream_readable.js:241:10)]
Level:[error] LogTime: [22/11/2021] Message:-[uncaughtException: listen EADDRINUSE: address already in use :::8000
Error: listen EADDRINUSE: address already in use :::8000
    at Server.setupListenHandle [as _listen2] (net.js:1331:16)
    at listenInCluster (net.js:1379:12)
    at Server.listen (net.js:1465:7)
    at Function.listen (/Users/guntherglahn/Desktop/Gunther/BACKEND/Challenge MERN stack/node_modules/express/lib/application.js:618:24)
    at file:///Users/guntherglahn/Desktop/Gunther/BACKEND/Challenge%20MERN%20stack/backend/server.js:62:5
    at ModuleJob.run (internal/modules/esm/module_job.js:183:25)
    at async Loader.import (internal/modules/esm/loader.js:178:24)
    at async Object.loadESM (internal/process/esm_loader.js:68:5)]
Nivel:[error] LogTime: [22/11/2021] Message:-[Esto es un error log]
Nivel:[warn] LogTime: [22/11/2021] Message:-[Esto es un error log]
Nivel:[error] LogTime: [22/11/2021] Message:-[Esto es un error log]
Nivel:[warn] LogTime: [22/11/2021] Message:-[Esto es un error log]
Nivel:[error] LogTime: [22/11/2021] Message:-[uncaughtException: write EPIPE
Error: write EPIPE
    at afterWriteDispatched (internal/stream_base_commons.js:156:25)
    at writeGeneric (internal/stream_base_commons.js:147:3)
    at Socket._writeGeneric (net.js:798:11)
    at Socket._write (net.js:810:8)
    at writeOrBuffer (internal/streams/writable.js:358:12)
    at Socket.Writable.write (internal/streams/writable.js:303:10)
    at Console.log (/Users/guntherglahn/Desktop/Gunther/BACKEND/Challenge MERN stack/node_modules/winston/lib/winston/transports/console.js:79:23)
    at Console._write (/Users/guntherglahn/Desktop/Gunther/BACKEND/Challenge MERN stack/node_modules/winston-transport/index.js:82:19)
    at doWrite (/Users/guntherglahn/Desktop/Gunther/BACKEND/Challenge MERN stack/node_modules/readable-stream/lib/_stream_writable.js:428:64)
    at writeOrBuffer (/Users/guntherglahn/Desktop/Gunther/BACKEND/Challenge MERN stack/node_modules/readable-stream/lib/_stream_writable.js:417:5)
    at Console.Writable.write (/Users/guntherglahn/Desktop/Gunther/BACKEND/Challenge MERN stack/node_modules/readable-stream/lib/_stream_writable.js:334:11)
    at DerivedLogger.ondata (/Users/guntherglahn/Desktop/Gunther/BACKEND/Challenge MERN stack/node_modules/winston/node_modules/readable-stream/lib/_stream_readable.js:681:20)
    at DerivedLogger.emit (events.js:412:35)
    at addChunk (/Users/guntherglahn/Desktop/Gunther/BACKEND/Challenge MERN stack/node_modules/winston/node_modules/readable-stream/lib/_stream_readable.js:298:12)
    at readableAddChunk (/Users/guntherglahn/Desktop/Gunther/BACKEND/Challenge MERN stack/node_modules/winston/node_modules/readable-stream/lib/_stream_readable.js:280:11)
    at DerivedLogger.Readable.push (/Users/guntherglahn/Desktop/Gunther/BACKEND/Challenge MERN stack/node_modules/winston/node_modules/readable-stream/lib/_stream_readable.js:241:10)]
Nivel:[error] LogTime: [22/11/2021] Message:-[uncaughtException: listen EADDRINUSE: address already in use :::8000
Error: listen EADDRINUSE: address already in use :::8000
    at Server.setupListenHandle [as _listen2] (net.js:1331:16)
    at listenInCluster (net.js:1379:12)
    at Server.listen (net.js:1465:7)
    at Function.listen (/Users/guntherglahn/Desktop/Gunther/BACKEND/Challenge MERN stack/node_modules/express/lib/application.js:618:24)
    at file:///Users/guntherglahn/Desktop/Gunther/BACKEND/Challenge%20MERN%20stack/backend/server.js:62:5
    at ModuleJob.run (internal/modules/esm/module_job.js:183:25)
    at async Loader.import (internal/modules/esm/loader.js:178:24)
    at async Object.loadESM (internal/process/esm_loader.js:68:5)]
Nivel:[error] LogTime: [22/11/2021] Message:-[Esto es un error log]
Nivel:[warn] LogTime: [22/11/2021] Message:-[Esto es un error log]
Nivel:[error] LogTime: [22/11/2021] Message:-[Esto es un error log]
Nivel:[warn] LogTime: [22/11/2021] Message:-[Esto es un error log]
Nivel:[error] LogTime: [22/11/2021] Message:-[uncaughtException: write EPIPE
Error: write EPIPE
    at afterWriteDispatched (internal/stream_base_commons.js:156:25)
    at writeGeneric (internal/stream_base_commons.js:147:3)
    at Socket._writeGeneric (net.js:798:11)
    at Socket._write (net.js:810:8)
    at writeOrBuffer (internal/streams/writable.js:358:12)
    at Socket.Writable.write (internal/streams/writable.js:303:10)
    at Console.log (/Users/guntherglahn/Desktop/Gunther/BACKEND/Challenge MERN stack/node_modules/winston/lib/winston/transports/console.js:79:23)
    at Console._write (/Users/guntherglahn/Desktop/Gunther/BACKEND/Challenge MERN stack/node_modules/winston-transport/index.js:82:19)
    at doWrite (/Users/guntherglahn/Desktop/Gunther/BACKEND/Challenge MERN stack/node_modules/readable-stream/lib/_stream_writable.js:428:64)
    at writeOrBuffer (/Users/guntherglahn/Desktop/Gunther/BACKEND/Challenge MERN stack/node_modules/readable-stream/lib/_stream_writable.js:417:5)
    at Console.Writable.write (/Users/guntherglahn/Desktop/Gunther/BACKEND/Challenge MERN stack/node_modules/readable-stream/lib/_stream_writable.js:334:11)
    at DerivedLogger.ondata (/Users/guntherglahn/Desktop/Gunther/BACKEND/Challenge MERN stack/node_modules/winston/node_modules/readable-stream/lib/_stream_readable.js:681:20)
    at DerivedLogger.emit (events.js:412:35)
    at addChunk (/Users/guntherglahn/Desktop/Gunther/BACKEND/Challenge MERN stack/node_modules/winston/node_modules/readable-stream/lib/_stream_readable.js:298:12)
    at readableAddChunk (/Users/guntherglahn/Desktop/Gunther/BACKEND/Challenge MERN stack/node_modules/winston/node_modules/readable-stream/lib/_stream_readable.js:280:11)
    at DerivedLogger.Readable.push (/Users/guntherglahn/Desktop/Gunther/BACKEND/Challenge MERN stack/node_modules/winston/node_modules/readable-stream/lib/_stream_readable.js:241:10)]
Nivel:[error] LogTime: [22/11/2021] Message:-[uncaughtException: listen EADDRINUSE: address already in use :::8000
Error: listen EADDRINUSE: address already in use :::8000
    at Server.setupListenHandle [as _listen2] (net.js:1331:16)
    at listenInCluster (net.js:1379:12)
    at Server.listen (net.js:1465:7)
    at Function.listen (/Users/guntherglahn/Desktop/Gunther/BACKEND/Challenge MERN stack/node_modules/express/lib/application.js:618:24)
    at file:///Users/guntherglahn/Desktop/Gunther/BACKEND/Challenge%20MERN%20stack/backend/server.js:62:5
    at ModuleJob.run (internal/modules/esm/module_job.js:183:25)
    at async Loader.import (internal/modules/esm/loader.js:178:24)
    at async Object.loadESM (internal/process/esm_loader.js:68:5)]
Nivel:[error] LogTime: [22/11/2021] Mensaje:-[Esto es un error log]
Nivel:[warn] LogTime: [22/11/2021] Mensaje:-[Esto es un error log]
Nivel:[error] LogTime: [22/11/2021] Mensaje:-[Esto es un error log]
Nivel:[warn] LogTime: [22/11/2021] Mensaje:-[Esto es un error log]
Nivel:[error] LogTime: [22/11/2021] Mensaje:-[uncaughtException: write EPIPE
Error: write EPIPE
    at afterWriteDispatched (internal/stream_base_commons.js:156:25)
    at writeGeneric (internal/stream_base_commons.js:147:3)
    at Socket._writeGeneric (net.js:798:11)
    at Socket._write (net.js:810:8)
    at writeOrBuffer (internal/streams/writable.js:358:12)
    at Socket.Writable.write (internal/streams/writable.js:303:10)
    at Console.log (/Users/guntherglahn/Desktop/Gunther/BACKEND/Challenge MERN stack/node_modules/winston/lib/winston/transports/console.js:79:23)
    at Console._write (/Users/guntherglahn/Desktop/Gunther/BACKEND/Challenge MERN stack/node_modules/winston-transport/index.js:82:19)
    at doWrite (/Users/guntherglahn/Desktop/Gunther/BACKEND/Challenge MERN stack/node_modules/readable-stream/lib/_stream_writable.js:428:64)
    at writeOrBuffer (/Users/guntherglahn/Desktop/Gunther/BACKEND/Challenge MERN stack/node_modules/readable-stream/lib/_stream_writable.js:417:5)
    at Console.Writable.write (/Users/guntherglahn/Desktop/Gunther/BACKEND/Challenge MERN stack/node_modules/readable-stream/lib/_stream_writable.js:334:11)
    at DerivedLogger.ondata (/Users/guntherglahn/Desktop/Gunther/BACKEND/Challenge MERN stack/node_modules/winston/node_modules/readable-stream/lib/_stream_readable.js:681:20)
    at DerivedLogger.emit (events.js:412:35)
    at addChunk (/Users/guntherglahn/Desktop/Gunther/BACKEND/Challenge MERN stack/node_modules/winston/node_modules/readable-stream/lib/_stream_readable.js:298:12)
    at readableAddChunk (/Users/guntherglahn/Desktop/Gunther/BACKEND/Challenge MERN stack/node_modules/winston/node_modules/readable-stream/lib/_stream_readable.js:280:11)
    at DerivedLogger.Readable.push (/Users/guntherglahn/Desktop/Gunther/BACKEND/Challenge MERN stack/node_modules/winston/node_modules/readable-stream/lib/_stream_readable.js:241:10)]
Nivel:[error] LogTime: [22/11/2021] Mensaje:-[uncaughtException: listen EADDRINUSE: address already in use :::8000
Error: listen EADDRINUSE: address already in use :::8000
    at Server.setupListenHandle [as _listen2] (net.js:1331:16)
    at listenInCluster (net.js:1379:12)
    at Server.listen (net.js:1465:7)
    at Function.listen (/Users/guntherglahn/Desktop/Gunther/BACKEND/Challenge MERN stack/node_modules/express/lib/application.js:618:24)
    at file:///Users/guntherglahn/Desktop/Gunther/BACKEND/Challenge%20MERN%20stack/backend/server.js:62:5
    at ModuleJob.run (internal/modules/esm/module_job.js:183:25)
    at async Loader.import (internal/modules/esm/loader.js:178:24)
    at async Object.loadESM (internal/process/esm_loader.js:68:5)]
Nivel:[error] LogTime: [22/11/2021] Mensaje:-[Esto es un error log]
Nivel:[warn] LogTime: [22/11/2021] Mensaje:-[Esto es un error log]
Nivel:[error] LogTime: [22/11/2021] Mensaje:-[Esto es un error log]
Nivel:[warn] LogTime: [22/11/2021] Mensaje:-[Esto es un error log]
Nivel:[error] LogTime: [22/11/2021] Mensaje:-[uncaughtException: write EPIPE
Error: write EPIPE
    at afterWriteDispatched (internal/stream_base_commons.js:156:25)
    at writeGeneric (internal/stream_base_commons.js:147:3)
    at Socket._writeGeneric (net.js:798:11)
    at Socket._write (net.js:810:8)
    at writeOrBuffer (internal/streams/writable.js:358:12)
    at Socket.Writable.write (internal/streams/writable.js:303:10)
    at Console.log (/Users/guntherglahn/Desktop/Gunther/BACKEND/Challenge MERN stack/node_modules/winston/lib/winston/transports/console.js:79:23)
    at Console._write (/Users/guntherglahn/Desktop/Gunther/BACKEND/Challenge MERN stack/node_modules/winston-transport/index.js:82:19)
    at doWrite (/Users/guntherglahn/Desktop/Gunther/BACKEND/Challenge MERN stack/node_modules/readable-stream/lib/_stream_writable.js:428:64)
    at writeOrBuffer (/Users/guntherglahn/Desktop/Gunther/BACKEND/Challenge MERN stack/node_modules/readable-stream/lib/_stream_writable.js:417:5)
    at Console.Writable.write (/Users/guntherglahn/Desktop/Gunther/BACKEND/Challenge MERN stack/node_modules/readable-stream/lib/_stream_writable.js:334:11)
    at DerivedLogger.ondata (/Users/guntherglahn/Desktop/Gunther/BACKEND/Challenge MERN stack/node_modules/winston/node_modules/readable-stream/lib/_stream_readable.js:681:20)
    at DerivedLogger.emit (events.js:412:35)
    at addChunk (/Users/guntherglahn/Desktop/Gunther/BACKEND/Challenge MERN stack/node_modules/winston/node_modules/readable-stream/lib/_stream_readable.js:298:12)
    at readableAddChunk (/Users/guntherglahn/Desktop/Gunther/BACKEND/Challenge MERN stack/node_modules/winston/node_modules/readable-stream/lib/_stream_readable.js:280:11)
    at DerivedLogger.Readable.push (/Users/guntherglahn/Desktop/Gunther/BACKEND/Challenge MERN stack/node_modules/winston/node_modules/readable-stream/lib/_stream_readable.js:241:10)]
Nivel:[error] LogTime: [22/11/2021] Mensaje:-[uncaughtException: listen EADDRINUSE: address already in use :::8000
Error: listen EADDRINUSE: address already in use :::8000
    at Server.setupListenHandle [as _listen2] (net.js:1331:16)
    at listenInCluster (net.js:1379:12)
    at Server.listen (net.js:1465:7)
    at Function.listen (/Users/guntherglahn/Desktop/Gunther/BACKEND/Challenge MERN stack/node_modules/express/lib/application.js:618:24)
    at file:///Users/guntherglahn/Desktop/Gunther/BACKEND/Challenge%20MERN%20stack/backend/server.js:62:5
    at ModuleJob.run (internal/modules/esm/module_job.js:183:25)
    at async Loader.import (internal/modules/esm/loader.js:178:24)
    at async Object.loadESM (internal/process/esm_loader.js:68:5)]
Nivel:[error] LogTime: [22/11/2021] Mensaje:-[Esto es un error log]
Nivel:[warn] LogTime: [22/11/2021] Mensaje:-[Esto es un error log]
